<?xml version="1.0" encoding="UTF-8"?>
<testsuite xmlns:xsi="http://www.w3.org/2001/XMLSchema-instance" xsi:noNamespaceSchemaLocation="https://maven.apache.org/surefire/maven-surefire-plugin/xsd/surefire-test-report-3.0.xsd" version="3.0" name="br.tec.facilitaservicos.resultados.aplicacao.servico.ResultadoServiceTest" time="0.474" tests="8" errors="0" skipped="0" failures="0">
  <properties>
[...]
</properties>
  <testcase name="buscarRanking_DeveRetornarRankingComSucesso" classname="br.tec.facilitaservicos.resultados.aplicacao.servico.ResultadoServiceTest" time="0.443">
    <system-err><![CDATA[Mockito is currently self-attaching to enable the inline-mock-maker. This will no longer work in future releases of the JDK. Please add Mockito as an agent to your build as described in Mockito's documentation: https://javadoc.io/doc/org.mockito/mockito-core/latest/org.mockito/org/mockito/Mockito.html#0.3
WARNING: A Java agent has been loaded dynamically (/Users/dev-mac-os/.m2/repository/net/bytebuddy/byte-buddy-agent/1.17.7/byte-buddy-agent-1.17.7.jar)
WARNING: If a serviceability tool is in use, please run with -XX:+EnableDynamicAgentLoading to hide this warning
WARNING: If a serviceability tool is not in use, please run with -Djdk.instrument.traceUsage for more information
WARNING: Dynamic loading of agents will be disallowed by default in a future release
]]></system-err>
  </testcase>
  <testcase name="buscarPorId_DeveRetornarResultado" classname="br.tec.facilitaservicos.resultados.aplicacao.servico.ResultadoServiceTest" time="0.01"/>
  <testcase name="buscarPorId_DeveRetornarVazioQuandoNaoEncontrado" classname="br.tec.facilitaservicos.resultados.aplicacao.servico.ResultadoServiceTest" time="0.002"/>
  <testcase name="buscarResultados_DeveBuscarComSucesso" classname="br.tec.facilitaservicos.resultados.aplicacao.servico.ResultadoServiceTest" time="0.004"/>
  <testcase name="buscarEstatisticas_DeveCalcularEstatisticas" classname="br.tec.facilitaservicos.resultados.aplicacao.servico.ResultadoServiceTest" time="0.003"/>
  <testcase name="buscarHorariosPorData_DeveRetornarHorarios" classname="br.tec.facilitaservicos.resultados.aplicacao.servico.ResultadoServiceTest" time="0.001"/>
  <testcase name="buscarResultadosHoje_DeveBuscarResultadosDeHoje" classname="br.tec.facilitaservicos.resultados.aplicacao.servico.ResultadoServiceTest" time="0.002"/>
  <testcase name="buscarUltimoPorHorario_DeveRetornarUltimoResultado" classname="br.tec.facilitaservicos.resultados.aplicacao.servico.ResultadoServiceTest" time="0.002"/>
</testsuite>